2026-03-28 13:52:30 0 [Note] Starting MariaDB 10.4.32-MariaDB source revision c4143f909528e3fab0677a28631d10389354c491 as process 7312
2026-03-28 13:52:30 0 [Note] InnoDB: Mutexes and rw_locks use Windows interlocked functions
2026-03-28 13:52:30 0 [Note] InnoDB: Uses event mutexes
2026-03-28 13:52:30 0 [Note] InnoDB: Compressed tables use zlib 1.3
2026-03-28 13:52:30 0 [Note] InnoDB: Number of pools: 1
2026-03-28 13:52:30 0 [Note] InnoDB: Using SSE2 crc32 instructions
2026-03-28 13:52:30 0 [Note] InnoDB: Initializing buffer pool, total size = 16M, instances = 1, chunk size = 16M
2026-03-28 13:52:30 0 [Note] InnoDB: Completed initialization of buffer pool
2026-03-28 13:52:30 0 [Note] InnoDB: Starting crash recovery from checkpoint LSN=300288
2026-03-28 13:52:30 0 [Note] InnoDB: 128 out of 128 rollback segments are active.
2026-03-28 13:52:30 0 [Note] InnoDB: Removed temporary tablespace data file: "ibtmp1"
2026-03-28 13:52:30 0 [Note] InnoDB: Creating shared tablespace for temporary tables
2026-03-28 13:52:30 0 [Note] InnoDB: Setting file 'C:\xampp\mysql\data\ibtmp1' size to 12 MB. Physically writing the file full; Please wait ...
2026-03-28 13:52:30 0 [Note] InnoDB: File 'C:\xampp\mysql\data\ibtmp1' size is now 12 MB.
2026-03-28 13:52:30 0 [Note] InnoDB: Waiting for purge to start
2026-03-28 13:52:30 0 [Note] InnoDB: 10.4.32 started; log sequence number 300297; transaction id 170
2026-03-28 13:52:30 0 [Note] InnoDB: Loading buffer pool(s) from C:\xampp\mysql\data\ib_buffer_pool
2026-03-28 13:52:30 0 [Note] Plugin 'FEEDBACK' is disabled.
2026-03-28 13:52:30 0 [Note] InnoDB: Buffer pool(s) load completed at 260328 13:52:30
2026-03-28 13:52:30 0 [Note] Server socket created on IP: '::'.
2026-03-28 13:55:39 0 [Note] Starting MariaDB 10.4.32-MariaDB source revision c4143f909528e3fab0677a28631d10389354c491 as process 1204
2026-03-28 13:55:39 0 [Note] InnoDB: Mutexes and rw_locks use Windows interlocked functions
2026-03-28 13:55:39 0 [Note] InnoDB: Uses event mutexes
2026-03-28 13:55:39 0 [Note] InnoDB: Compressed tables use zlib 1.3
2026-03-28 13:55:39 0 [Note] InnoDB: Number of pools: 1
2026-03-28 13:55:39 0 [Note] InnoDB: Using SSE2 crc32 instructions
2026-03-28 13:55:39 0 [Note] InnoDB: Initializing buffer pool, total size = 16M, instances = 1, chunk size = 16M
2026-03-28 13:55:39 0 [Note] InnoDB: Completed initialization of buffer pool
2026-03-28 13:55:39 0 [Note] InnoDB: Starting crash recovery from checkpoint LSN=300306
2026-03-28 13:55:39 0 [Note] InnoDB: 128 out of 128 rollback segments are active.
2026-03-28 13:55:39 0 [Note] InnoDB: Removed temporary tablespace data file: "ibtmp1"
2026-03-28 13:55:39 0 [Note] InnoDB: Creating shared tablespace for temporary tables
2026-03-28 13:55:39 0 [Note] InnoDB: Setting file 'C:\xampp\mysql\data\ibtmp1' size to 12 MB. Physically writing the file full; Please wait ...
2026-03-28 13:55:39 0 [Note] InnoDB: File 'C:\xampp\mysql\data\ibtmp1' size is now 12 MB.
2026-03-28 13:55:39 0 [Note] InnoDB: Waiting for purge to start
2026-03-28 13:55:39 0 [Note] InnoDB: 10.4.32 started; log sequence number 300315; transaction id 170
2026-03-28 13:55:39 0 [Note] InnoDB: Loading buffer pool(s) from C:\xampp\mysql\data\ib_buffer_pool
2026-03-28 13:55:39 0 [Note] Plugin 'FEEDBACK' is disabled.
2026-03-28 13:55:39 0 [Note] Server socket created on IP: '::'.
2026-03-28 13:55:39 0 [Note] InnoDB: Buffer pool(s) load com2026-03-28 13:59:07 0 [Note] Starting MariaDB 10.4.32-MariaDB source revision c4143f909528e3fab0677a28631d10389354c491 as process 9408
2026-03-28 13:59:07 0 [Note] InnoDB: Mutexes and rw_locks use Windows interlocked functions
2026-03-28 13:59:07 0 [Note] InnoDB: Uses event mutexes
2026-03-28 13:59:07 0 [Note] InnoDB: Compressed tables use zlib 1.3
2026-03-28 13:59:07 0 [Note] InnoDB: Number of pools: 1
2026-03-28 13:59:07 0 [Note] InnoDB: Using SSE2 crc32 instructions
2026-03-28 13:59:07 0 [Note] InnoDB: Initializing buffer pool, total size = 16M, instances = 1, chunk size = 16M
2026-03-28 13:59:07 0 [Note] InnoDB: Completed initialization of buffer pool
2026-03-28 13:59:07 0 [Note] InnoDB: Starting crash recovery from checkpoint LSN=301075
2026-03-28 13:59:08 0 [Note] InnoDB: 128 out of 128 rollback segments are active.
2026-03-28 13:59:08 0 [Note] InnoDB: Removed temporary tablespace data file: "ibtmp1"
2026-03-28 13:59:08 0 [Note] InnoDB: Creating shared tablespace for temporary tables
2026-03-28 13:59:08 0 [Note] InnoDB: Setting file 'C:\xampp\mysql\data\ibtmp1' size to 12 MB. Physically writing the file full; Please wait ...
2026-03-28 13:59:08 0 [Note] InnoDB: File 'C:\xampp\mysql\data\ibtmp1' size is now 12 MB.
2026-03-28 13:59:08 0 [Note] InnoDB: Waiting for purge to start
2026-03-28 13:59:08 0 [Note] InnoDB: 10.4.32 started; log sequence number 301084; transaction id 195
2026-03-28 13:59:08 0 [Note] InnoDB: Loading buffer pool(s) from C:\xampp\mysql\data\ib_buffer_pool
2026-03-28 13:59:08 0 [Note] Plugin 'FEEDBACK' is disabled.
2026-03-28 13:59:08 0 [Note] InnoDB: Buffer pool(s) load completed at 260328 13:59:08
2026-03-28 13:59:08 0 [Note] Server socket created on IP: '::'.
2026-03-28 14:14:37 0 [Note] Starting MariaDB 10.4.32-MariaDB source revision c4143f909528e3fab0677a28631d10389354c491 as process 1792
2026-03-28 14:14:37 0 [Note] InnoDB: Mutexes and rw_locks use Windows interlocked functions
2026-03-28 14:14:37 0 [Note] InnoDB: Uses event mutexes
2026-03-28 14:14:37 0 [Note] InnoDB: Compressed tables use zlib 1.3
2026-03-28 14:14:37 0 [Note] InnoDB: Number of pools: 1
2026-03-28 14:14:37 0 [Note] InnoDB: Using SSE2 crc32 instructions
2026-03-28 14:14:37 0 [Note] InnoDB: Initializing buffer pool, total size = 16M, instances = 1, chunk size = 16M
2026-03-28 14:14:37 0 [Note] InnoDB: Completed initialization of buffer pool
2026-03-28 14:14:37 0 [Note] InnoDB: Starting crash recovery from checkpoint LSN=321914
2026-03-28 14:14:38 0 [Note] InnoDB: 128 out of 128 rollback segments are active.
2026-03-28 14:14:38 0 [Note] InnoDB: Removed temporary tablespace data file: "ibtmp1"
2026-03-28 14:14:38 0 [Note] InnoDB: Creating shared tablespace for temporary tables
2026-03-28 14:14:38 0 [Note] InnoDB: Setting file 'C:\xampp\mysql\data\ibtmp1' size to 12 MB. Physically writing the file full; Please wait ...
2026-03-28 14:14:38 0 [Note] InnoDB: File 'C:\xampp\mysql\data\ibtmp1' size is now 12 MB.
2026-03-28 14:14:38 0 [Note] InnoDB: Waiting for purge to start
2026-03-28 14:14:38 0 [Note] InnoDB: 10.4.32 started; log sequence number 321923; transaction id 254
2026-03-28 14:14:38 0 [Note] InnoDB: Loading buffer pool(s) from C:\xampp\mysql\data\ib_buffer_pool
2026-03-28 14:14:38 0 [Note] Plugin 'FEEDBACK' is disabled.
2026-03-28 14:14:38 0 [Note] InnoDB: Buffer pool(s) load completed at 260328 14:14:38
2026-03-28 14:14:38 0 [Note] Server socket created on IP: '::'.
2026-03-28 14:15:13 0 [Note] Starting MariaDB 10.4.32-MariaDB source revision c4143f909528e3fab0677a28631d10389354c491 as process 2628
2026-03-28 14:15:13 0 [Note] InnoDB: Mutexes and rw_locks use Windows interlocked functions
2026-03-28 14:15:13 0 [Note] InnoDB: Uses event mutexes
2026-03-28 14:15:13 0 [Note] InnoDB: Compressed tables use zlib 1.3
2026-03-28 14:15:13 0 [Note] InnoDB: Number of pools: 1
2026-03-28 14:15:13 0 [Note] InnoDB: Using SSE2 crc32 instructions
2026-03-28 14:15:13 0 [Note] InnoDB: Initializing buffer pool, total size = 16M, instances = 1, chunk size = 16M
2026-03-28 14:15:13 0 [Note] InnoDB: Completed initialization of buffer pool
2026-03-28 14:15:13 0 [Note] InnoDB: Starting crash recovery from checkpoint LSN=321914
2026-03-28 14:15:14 0 [Note] InnoDB: 128 out of 128 rollback segments are active.
2026-03-28 14:15:14 0 [Note] InnoDB: Removed temporary tablespace data file: "ibtmp1"
2026-03-28 14:15:14 0 [Note] InnoDB: Creating shared tablespace for temporary tables
2026-03-28 14:15:14 0 [Note] InnoDB: Setting file 'C:\xampp\mysql\data\ibtmp1' size to 12 MB. Physically writing the file full; Please wait ...
2026-03-28 14:15:14 0 [Note] InnoDB: File 'C:\xampp\mysql\data\ibtmp1' size is now 12 MB.
2026-03-28 14:15:14 0 [Note] InnoDB: Waiting for purge to start
2026-03-28 14:15:14 0 [Note] InnoDB: 10.4.32 started; log sequence number 321923; transaction id 254
2026-03-28 14:15:14 0 [Note] InnoDB: Loading buffer pool(s) from C:\xampp\mysql\data\ib_buffer_pool
2026-03-28 14:15:14 0 [Note] Plugin 'FEEDBACK' is disabled.
2026-03-28 14:15:14 0 [Note] InnoDB: Buffer pool(s) load completed at 260328 14:15:14
2026-03-28 14:15:14 0 [Note] Server socket created on IP: '::'.
2026-03-28 14:30:22 0 [Note] Starting MariaDB 10.4.32-MariaDB source revision c4143f909528e3fab0677a28631d10389354c491 as process 1696
2026-03-28 14:30:22 0 [Note] InnoDB: Mutexes and rw_locks use Windows interlocked functions
2026-03-28 14:30:22 0 [Note] InnoDB: Uses event mutexes
2026-03-28 14:30:22 0 [Note] InnoDB: Compressed tables use zlib 1.3
2026-03-28 14:30:22 0 [Note] InnoDB: Number of pools: 1
2026-03-28 14:30:22 0 [Note] InnoDB: Using SSE2 crc32 instructions
2026-03-28 14:30:22 0 [Note] InnoDB: Initializing buffer pool, total size = 16M, instances = 1, chunk size = 16M
2026-03-28 14:30:22 0 [Note] InnoDB: Completed initialization of buffer pool
2026-03-28 14:30:22 0 [Note] InnoDB: Starting crash recovery from checkpoint LSN=321932
2026-03-28 14:30:23 0 [Note] InnoDB: 128 out of 128 rollback segments are active.
2026-03-28 14:30:23 0 [Note] InnoDB: Removed temporary tablespace data file: "ibtmp1"
2026-03-28 14:30:23 0 [Note] InnoDB: Creating shared tablespace for temporary tables
2026-03-28 14:30:23 0 [Note] InnoDB: Setting file 'C:\xampp\mysql\data\ibtmp1' size to 12 MB. Physically writing the file full; Please wait ...
2026-03-28 14:30:23 0 [Note] InnoDB: File 'C:\xampp\mysql\data\ibtmp1' size is now 12 MB.
2026-03-28 14:30:23 0 [Note] InnoDB: Waiting for purge to start
2026-03-28 14:30:23 0 [Note] InnoDB: 10.4.32 started; log sequence number 321941; transaction id 254
2026-03-28 14:30:23 0 [Note] InnoDB: Loading buffer pool(s) from C:\xampp\mysql\data\ib_buffer_pool
2026-03-28 14:30:23 0 [Note] Plugin 'FEEDBACK' is disabled.
2026-03-28 14:30:23 0 [Note] InnoDB: Buffer pool(s) load completed at 260328 14:30:23
2026-03-28 14:30:23 0 [Note] Server socket created on IP: '::'.
